2022-06-12 03:51:47.388  WARN 5264 --- [HikariPool-1 housekeeper] com.zaxxer.hikari.pool.HikariPool        : HikariPool-1 - Thread starvation or clock leap detected (housekeeper delta=3h27s770ms812µs).
2022-06-12 09:12:24.428  WARN 5264 --- [HikariPool-1 housekeeper] com.zaxxer.hikari.pool.HikariPool        : HikariPool-1 - Thread starvation or clock leap detected (housekeeper delta=5h20m54s133ms139µs400ns).
2022-06-12 18:44:08.492  INFO 6732 --- [main] c.b.a.AddressbookappApplication          : Starting AddressbookappApplication using Java 1.8.0_301 on DESKTOP-RFK6RG2 with PID 6732 (D:\CFE_Springboot\AddressBook-App\addressbookapp\target\classes started by com in D:\CFE_Springboot\AddressBook-App)
2022-06-12 18:44:08.550 DEBUG 6732 --- [main] c.b.a.AddressbookappApplication          : Running with Spring Boot v2.7.0, Spring v5.3.20
2022-06-12 18:44:08.553  INFO 6732 --- [main] c.b.a.AddressbookappApplication          : No active profile set, falling back to 1 default profile: "default"
2022-06-12 18:44:42.702  WARN 6732 --- [main] JpaBaseConfiguration$JpaWebConfiguration : spring.jpa.open-in-view is enabled by default. Therefore, database queries may be performed during view rendering. Explicitly configure spring.jpa.open-in-view to disable this warning
2022-06-12 18:44:45.344  INFO 6732 --- [main] c.b.a.AddressbookappApplication          : Started AddressbookappApplication in 40.91 seconds (JVM running for 46.636)
2022-06-12 18:44:45.369  INFO 6732 --- [main] c.b.a.AddressbookappApplication          : Addressbook App Started in null Environment
2022-06-12 18:44:45.376  INFO 6732 --- [main] c.b.a.AddressbookappApplication          : AddressBook App DB User is root
2022-06-12 18:44:45.379  INFO 6732 --- [main] c.b.a.AddressbookappApplication          : Addressbook App started
2022-06-12 18:46:50.763 DEBUG 6732 --- [http-nio-8080-exec-4] c.b.a.service.AddressBookService         : AddressbookData: AddressBookData(personId=0, firstName=Jaspal, lastName=Deshmukh, city=Dhule, state=Maharashtra, zip=425402, phone=8390192450, email=jaspal04@gmail.com)
2022-06-12 18:49:01.221  INFO 13836 --- [main] c.b.a.AddressbookappApplication          : Starting AddressbookappApplication using Java 1.8.0_301 on DESKTOP-RFK6RG2 with PID 13836 (D:\CFE_Springboot\AddressBook-App\addressbookapp\target\classes started by com in D:\CFE_Springboot\AddressBook-App)
2022-06-12 18:49:01.230 DEBUG 13836 --- [main] c.b.a.AddressbookappApplication          : Running with Spring Boot v2.7.0, Spring v5.3.20
2022-06-12 18:49:01.233  INFO 13836 --- [main] c.b.a.AddressbookappApplication          : No active profile set, falling back to 1 default profile: "default"
2022-06-12 18:49:23.033  WARN 13836 --- [main] JpaBaseConfiguration$JpaWebConfiguration : spring.jpa.open-in-view is enabled by default. Therefore, database queries may be performed during view rendering. Explicitly configure spring.jpa.open-in-view to disable this warning
2022-06-12 18:49:25.079  INFO 13836 --- [main] c.b.a.AddressbookappApplication          : Started AddressbookappApplication in 26.167 seconds (JVM running for 28.814)
2022-06-12 18:49:25.089  INFO 13836 --- [main] c.b.a.AddressbookappApplication          : Addressbook App Started in null Environment
2022-06-12 18:49:25.095  INFO 13836 --- [main] c.b.a.AddressbookappApplication          : AddressBook App DB User is root
2022-06-12 18:49:25.096  INFO 13836 --- [main] c.b.a.AddressbookappApplication          : Addressbook App started
2022-06-12 18:49:36.848 DEBUG 13836 --- [http-nio-8080-exec-2] c.b.a.service.AddressBookService         : AddressbookData: AddressBookData(personId=0, firstName=Jaspal, lastName=Deshmukh, city=Dhule, state=Maharashtra, zip=425402, phone=8390192450, email=jaspal04@gmail.com)
2022-06-12 19:59:03.105  INFO 13048 --- [main] c.b.a.AddressbookappApplication          : Starting AddressbookappApplication using Java 1.8.0_301 on DESKTOP-RFK6RG2 with PID 13048 (D:\CFE_Springboot\AddressBook-App\addressbookapp\target\classes started by com in D:\CFE_Springboot\AddressBook-App)
2022-06-12 19:59:03.119 DEBUG 13048 --- [main] c.b.a.AddressbookappApplication          : Running with Spring Boot v2.7.0, Spring v5.3.20
2022-06-12 19:59:03.122  INFO 13048 --- [main] c.b.a.AddressbookappApplication          : No active profile set, falling back to 1 default profile: "default"
2022-06-12 19:59:16.969  WARN 13048 --- [main] JpaBaseConfiguration$JpaWebConfiguration : spring.jpa.open-in-view is enabled by default. Therefore, database queries may be performed during view rendering. Explicitly configure spring.jpa.open-in-view to disable this warning
2022-06-12 19:59:17.986  INFO 13048 --- [main] c.b.a.AddressbookappApplication          : Started AddressbookappApplication in 16.934 seconds (JVM running for 19.643)
2022-06-12 19:59:17.995  INFO 13048 --- [main] c.b.a.AddressbookappApplication          : Addressbook App Started in null Environment
2022-06-12 19:59:18.008  INFO 13048 --- [main] c.b.a.AddressbookappApplication          : AddressBook App DB User is root
2022-06-12 19:59:18.009  INFO 13048 --- [main] c.b.a.AddressbookappApplication          : Addressbook App started
2022-06-12 19:59:33.297 DEBUG 13048 --- [http-nio-8080-exec-1] c.b.a.service.AddressBookService         : AddressbookData: AddressBookData(personId=1, firstName=Jaspal, lastName=Deshmukh, city=Dhule, state=Maharashtra, zip=425402, phone=8390192450, email=jaspal04@gmail.com)
2022-06-12 21:22:23.677  WARN 13048 --- [HikariPool-1 housekeeper] com.zaxxer.hikari.pool.HikariPool        : HikariPool-1 - Thread starvation or clock leap detected (housekeeper delta=1h6m10s117ms880µs400ns).
2022-06-12 21:44:10.729  INFO 11704 --- [main] c.b.a.AddressbookappApplication          : Starting AddressbookappApplication using Java 1.8.0_301 on DESKTOP-RFK6RG2 with PID 11704 (D:\CFE_Springboot\AddressBook-App\addressbookapp\target\classes started by com in D:\CFE_Springboot\AddressBook-App)
2022-06-12 21:44:10.740 DEBUG 11704 --- [main] c.b.a.AddressbookappApplication          : Running with Spring Boot v2.7.0, Spring v5.3.20
2022-06-12 21:44:10.743  INFO 11704 --- [main] c.b.a.AddressbookappApplication          : No active profile set, falling back to 1 default profile: "default"
2022-06-12 21:44:28.145  WARN 11704 --- [main] JpaBaseConfiguration$JpaWebConfiguration : spring.jpa.open-in-view is enabled by default. Therefore, database queries may be performed during view rendering. Explicitly configure spring.jpa.open-in-view to disable this warning
2022-06-12 21:44:29.324  INFO 11704 --- [main] c.b.a.AddressbookappApplication          : Started AddressbookappApplication in 20.756 seconds (JVM running for 22.682)
2022-06-12 21:44:29.331  INFO 11704 --- [main] c.b.a.AddressbookappApplication          : Addressbook App Started in null Environment
2022-06-12 21:44:29.337  INFO 11704 --- [main] c.b.a.AddressbookappApplication          : AddressBook App DB User is root
2022-06-12 21:44:29.337  INFO 11704 --- [main] c.b.a.AddressbookappApplication          : Addressbook App started
2022-06-12 21:44:40.066 DEBUG 11704 --- [http-nio-8080-exec-3] c.b.a.service.AddressBookService         : AddressbookData: AddressBookData(personId=0, firstName=null, lastName=null, city=null, state=null, zip=null, phone=null, email=null)
2022-06-12 22:30:45.791  INFO 8060 --- [main] c.b.a.AddressbookappApplication          : Starting AddressbookappApplication using Java 1.8.0_301 on DESKTOP-RFK6RG2 with PID 8060 (D:\CFE_Springboot\AddressBook-App\addressbookapp\target\classes started by com in D:\CFE_Springboot\AddressBook-App)
2022-06-12 22:30:45.802 DEBUG 8060 --- [main] c.b.a.AddressbookappApplication          : Running with Spring Boot v2.7.0, Spring v5.3.20
2022-06-12 22:30:45.804  INFO 8060 --- [main] c.b.a.AddressbookappApplication          : No active profile set, falling back to 1 default profile: "default"
2022-06-12 22:31:19.526  WARN 8060 --- [main] JpaBaseConfiguration$JpaWebConfiguration : spring.jpa.open-in-view is enabled by default. Therefore, database queries may be performed during view rendering. Explicitly configure spring.jpa.open-in-view to disable this warning
2022-06-12 22:31:21.422  INFO 8060 --- [main] c.b.a.AddressbookappApplication          : Started AddressbookappApplication in 38.752 seconds (JVM running for 41.63)
2022-06-12 22:31:21.433  INFO 8060 --- [main] c.b.a.AddressbookappApplication          : Addressbook App Started in null Environment
2022-06-12 22:31:21.438  INFO 8060 --- [main] c.b.a.AddressbookappApplication          : AddressBook App DB User is root
2022-06-12 22:31:21.439  INFO 8060 --- [main] c.b.a.AddressbookappApplication          : Addressbook App started
2022-06-12 22:31:52.082 DEBUG 8060 --- [http-nio-8080-exec-1] c.b.a.service.AddressBookService         : AddressbookData: AddressBookData(personId=0, firstName=Jaspal, lastName=Deshmukh, city=Dhule, state=Maharashtra, zip=425402, phone=8390192450, email=jaspal04@gmail.com)
